[2021-07-13 19:14:11.458869] 
[2021-07-13 19:14:11.458947] Built in Release mode using commit d0c3a4232 on branch HEAD.
[2021-07-13 19:14:11.458964] 
[2021-07-13 19:14:11.458981] 
[2021-07-13 19:14:11.458998] ---  Software Radio Systems EPC  ---
[2021-07-13 19:14:11.459016] 
[2021-07-13 19:14:11.459033] Reading configuration file /home/dellserver1/.config/srsran/epc.conf...
[2021-07-13 19:14:11.459050] HSS Initialized.
[2021-07-13 19:14:11.459067] MME S11 Initialized
[2021-07-13 19:14:11.459084] MME GTP-C Initialized
[2021-07-13 19:14:11.459095] MME Initialized. MCC: 0xf001, MNC: 0xff01
[2021-07-13 19:14:11.459105] SPGW GTP-U Initialized.
[2021-07-13 19:14:11.459115] SPGW S11 Initialized.
[2021-07-13 19:14:11.459125] SP-GW Initialized.
[2021-07-13 19:14:13.807227] Received S1 Setup Request.
[2021-07-13 19:14:13.807332] S1 Setup Request - eNB Name: srsenb01, eNB id: 0x19b
[2021-07-13 19:14:13.807360] S1 Setup Request - MCC:001, MNC:01
[2021-07-13 19:14:13.807379] S1 Setup Request - TAC 7, B-PLMN 0xf110
[2021-07-13 19:14:13.807397] S1 Setup Request - Paging DRX v128
[2021-07-13 19:14:13.807417] Sending S1 Setup Response
